<?xml version="1.0" encoding="UTF-8"?>
<testsuite xmlns:xsi="http://www.w3.org/2001/XMLSchema-instance" xsi:noNamespaceSchemaLocation="https://maven.apache.org/surefire/maven-surefire-plugin/xsd/surefire-test-report.xsd" version="3.0.2" name="DataControllerIntegrationTest" time="3.854" tests="2" errors="0" skipped="0" failures="0">
  <properties>
[...]
</properties>
  <testcase name="cuandoCrearProducto_entoncesSePersisteCorrectamente" classname="DataControllerIntegrationTest" time="0.286">
    <system-out><![CDATA[
  .   ____          _            __ _ _
 /\\ / ___'_ __ _ _(_)_ __  __ _ \ \ \ \
( ( )\___ | '_ | '_| | '_ \/ _` | \ \ \ \
 \\/  ___)| |_)| | | | | || (_| |  ) ) ) )
  '  |____| .__|_| |_|_| |_\__, | / / / /
 =========|_|==============|___/=/_/_/_/

 :: Spring Boot ::                (v3.5.4)

2025-10-31T14:18:12.217-03:00  INFO 23060 --- [           main] DataControllerIntegrationTest            : Starting DataControllerIntegrationTest using Java 21.0.2 with PID 23060 (started by sofia in /home/sofia/Documentos/programacion2/programacion-2-trabajo-practico-6-sofiasoler16/microservice-system/data-service)
2025-10-31T14:18:12.219-03:00  INFO 23060 --- [           main] DataControllerIntegrationTest            : The following 1 profile is active: "test"
2025-10-31T14:18:12.703-03:00  INFO 23060 --- [           main] .s.d.r.c.RepositoryConfigurationDelegate : Bootstrapping Spring Data JPA repositories in DEFAULT mode.
2025-10-31T14:18:12.744-03:00  INFO 23060 --- [           main] .s.d.r.c.RepositoryConfigurationDelegate : Finished Spring Data repository scanning in 33 ms. Found 3 JPA repository interfaces.
2025-10-31T14:18:13.121-03:00  INFO 23060 --- [           main] o.s.b.w.embedded.tomcat.TomcatWebServer  : Tomcat initialized with port 0 (http)
2025-10-31T14:18:13.133-03:00  INFO 23060 --- [           main] o.apache.catalina.core.StandardService   : Starting service [Tomcat]
2025-10-31T14:18:13.133-03:00  INFO 23060 --- [           main] o.apache.catalina.core.StandardEngine    : Starting Servlet engine: [Apache Tomcat/10.1.43]
2025-10-31T14:18:13.163-03:00  INFO 23060 --- [           main] o.a.c.c.C.[Tomcat].[localhost].[/]       : Initializing Spring embedded WebApplicationContext
2025-10-31T14:18:13.164-03:00  INFO 23060 --- [           main] w.s.c.ServletWebServerApplicationContext : Root WebApplicationContext: initialization completed in 931 ms
2025-10-31T14:18:13.299-03:00  INFO 23060 --- [           main] o.hibernate.jpa.internal.util.LogHelper  : HHH000204: Processing PersistenceUnitInfo [name: default]
2025-10-31T14:18:13.352-03:00  INFO 23060 --- [           main] org.hibernate.Version                    : HHH000412: Hibernate ORM core version 6.6.22.Final
2025-10-31T14:18:13.377-03:00  INFO 23060 --- [           main] o.h.c.internal.RegionFactoryInitiator    : HHH000026: Second-level cache disabled
2025-10-31T14:18:13.463-03:00  INFO 23060 --- [           main] o.s.o.j.p.SpringPersistenceUnitInfo      : No LoadTimeWeaver setup: ignoring JPA class transformer
2025-10-31T14:18:13.486-03:00  INFO 23060 --- [           main] com.zaxxer.hikari.HikariDataSource       : HikariPool-1 - Starting...
2025-10-31T14:18:13.610-03:00  INFO 23060 --- [           main] com.zaxxer.hikari.pool.HikariPool        : HikariPool-1 - Added connection conn0: url=jdbc:h2:mem:testdb user=SA
2025-10-31T14:18:13.612-03:00  INFO 23060 --- [           main] com.zaxxer.hikari.HikariDataSource       : HikariPool-1 - Start completed.
2025-10-31T14:18:13.647-03:00  INFO 23060 --- [           main] org.hibernate.orm.connections.pooling    : HHH10001005: Database info:
	Database JDBC URL [Connecting through datasource 'HikariDataSource (HikariPool-1)']
	Database driver: undefined/unknown
	Database version: 2.3.232
	Autocommit mode: undefined/unknown
	Isolation level: undefined/unknown
	Minimum pool size: undefined/unknown
	Maximum pool size: undefined/unknown
2025-10-31T14:18:14.126-03:00  INFO 23060 --- [           main] o.h.e.t.j.p.i.JtaPlatformInitiator       : HHH000489: No JTA platform available (set 'hibernate.transaction.jta.platform' to enable JTA platform integration)
2025-10-31T14:18:14.159-03:00  INFO 23060 --- [           main] j.LocalContainerEntityManagerFactoryBean : Initialized JPA EntityManagerFactory for persistence unit 'default'
2025-10-31T14:18:14.463-03:00  INFO 23060 --- [           main] o.s.d.j.r.query.QueryEnhancerFactory     : Hibernate is in classpath; If applicable, HQL parser will be used.
2025-10-31T14:18:14.824-03:00  WARN 23060 --- [           main] JpaBaseConfiguration$JpaWebConfiguration : spring.jpa.open-in-view is enabled by default. Therefore, database queries may be performed during view rendering. Explicitly configure spring.jpa.open-in-view to disable this warning
2025-10-31T14:18:15.224-03:00  INFO 23060 --- [           main] o.s.b.w.embedded.tomcat.TomcatWebServer  : Tomcat started on port 45515 (http) with context path '/'
2025-10-31T14:18:15.235-03:00  INFO 23060 --- [           main] DataControllerIntegrationTest            : Started DataControllerIntegrationTest in 3.28 seconds (process running for 4.853)
2025-10-31T14:18:15.428-03:00  INFO 23060 --- [o-auto-1-exec-1] o.a.c.c.C.[Tomcat].[localhost].[/]       : Initializing Spring DispatcherServlet 'dispatcherServlet'
2025-10-31T14:18:15.429-03:00  INFO 23060 --- [o-auto-1-exec-1] o.s.web.servlet.DispatcherServlet        : Initializing Servlet 'dispatcherServlet'
2025-10-31T14:18:15.430-03:00  INFO 23060 --- [o-auto-1-exec-1] o.s.web.servlet.DispatcherServlet        : Completed initialization in 1 ms
]]></system-out>
  </testcase>
  <testcase name="cuandoBuscarProductoInexistente_entoncesRetorna404" classname="DataControllerIntegrationTest" time="0.02"/>
</testsuite>